
###### Testing test-comments
./neo.native < tests/test-comments.neo > test-comments.ll
lli test-comments.ll > test-comments.out
'main' function not found in module.
###### FAILED

###### Testing test-empty
./neo.native < tests/test-empty.neo > test-empty.ll
lli test-empty.ll > test-empty.out
'main' function not found in module.
###### FAILED

###### Testing test-hello_world
./neo.native < tests/test-hello_world.neo > test-hello_world.ll
lli test-hello_world.ll > test-hello_world.out
'main' function not found in module.
###### FAILED

###### Testing test-print_boolean
./neo.native < tests/test-print_boolean.neo > test-print_boolean.ll
lli test-print_boolean.ll > test-print_boolean.out
'main' function not found in module.
###### FAILED

###### Testing test-print_int
./neo.native < tests/test-print_int.neo > test-print_int.ll
lli test-print_int.ll > test-print_int.out
'main' function not found in module.
###### FAILED

###### Testing fail-assign1
./neo.native < tests/fail-assign1.neo 2> fail-assign1.err >> testall.log
###### FAILED
